/Users/macbookpro/Desktop/hermes的工作室/apple_silicon_platforms_mu/Build/MacBookAirMid2020-AARCH64/DEBUG_GCC5/AARCH64/MdeModulePkg/Universal/Variable/RuntimeDxe/VariableRuntimeDxe/OUTPUT/VariableRuntimeDxe.lib
/Users/macbookpro/Desktop/hermes的工作室/apple_silicon_platforms_mu/Build/MacBookAirMid2020-AARCH64/DEBUG_GCC5/AARCH64/MdePkg/Library/DxePcdLib/DxePcdLib/OUTPUT/DxePcdLib.lib
/Users/macbookpro/Desktop/hermes的工作室/apple_silicon_platforms_mu/Build/MacBookAirMid2020-AARCH64/DEBUG_GCC5/AARCH64/MdePkg/Library/BaseMemoryLibOptDxe/BaseMemoryLibOptDxe/OUTPUT/BaseMemoryLibOptDxe.lib
/Users/macbookpro/Desktop/hermes的工作室/apple_silicon_platforms_mu/Build/MacBookAirMid2020-AARCH64/DEBUG_GCC5/AARCH64/MdePkg/Library/BaseLib/BaseLib/OUTPUT/BaseLib.lib
/Users/macbookpro/Desktop/hermes的工作室/apple_silicon_platforms_mu/Build/MacBookAirMid2020-AARCH64/DEBUG_GCC5/AARCH64/MdePkg/Library/RegisterFilterLibNull/RegisterFilterLibNull/OUTPUT/FilterLibNull.lib
/Users/macbookpro/Desktop/hermes的工作室/apple_silicon_platforms_mu/Build/MacBookAirMid2020-AARCH64/DEBUG_GCC5/AARCH64/MdePkg/Library/BaseIoLibIntrinsic/BaseIoLibIntrinsicArmVirt/OUTPUT/BaseIoLibIntrinsicArmVirt.lib
/Users/macbookpro/Desktop/hermes的工作室/apple_silicon_platforms_mu/Build/MacBookAirMid2020-AARCH64/DEBUG_GCC5/AARCH64/ArmPkg/Library/ArmLib/ArmBaseLib/OUTPUT/ArmBaseLib.lib
/Users/macbookpro/Desktop/hermes的工作室/apple_silicon_platforms_mu/Build/MacBookAirMid2020-AARCH64/DEBUG_GCC5/AARCH64/MdePkg/Library/CompilerIntrinsicsLib/CompilerIntrinsicsLib/OUTPUT/CompilerIntrinsicsLib.lib
/Users/macbookpro/Desktop/hermes的工作室/apple_silicon_platforms_mu/Build/MacBookAirMid2020-AARCH64/DEBUG_GCC5/AARCH64/AppleSiliconPkg/Library/AppleUartSerialPortLib/AppleUartSerialPortLib/OUTPUT/AppleUartSerialPortLib.lib
/Users/macbookpro/Desktop/hermes的工作室/apple_silicon_platforms_mu/Build/MacBookAirMid2020-AARCH64/DEBUG_GCC5/AARCH64/MdePkg/Library/BasePrintLib/BasePrintLib/OUTPUT/BasePrintLib.lib
/Users/macbookpro/Desktop/hermes的工作室/apple_silicon_platforms_mu/Build/MacBookAirMid2020-AARCH64/DEBUG_GCC5/AARCH64/MdePkg/Library/BaseDebugPrintErrorLevelLib/BaseDebugPrintErrorLevelLib/OUTPUT/BaseDebugPrintErrorLevelLib.lib
/Users/macbookpro/Desktop/hermes的工作室/apple_silicon_platforms_mu/Build/MacBookAirMid2020-AARCH64/DEBUG_GCC5/AARCH64/MdePkg/Library/DxeRuntimeDebugLibSerialPort/DxeRuntimeDebugLibSerialPort/OUTPUT/DxeRuntimeDebugLibSerialPort.lib
/Users/macbookpro/Desktop/hermes的工作室/apple_silicon_platforms_mu/Build/MacBookAirMid2020-AARCH64/DEBUG_GCC5/AARCH64/MdePkg/Library/UefiMemoryAllocationLib/UefiMemoryAllocationLib/OUTPUT/UefiMemoryAllocationLib.lib
/Users/macbookpro/Desktop/hermes的工作室/apple_silicon_platforms_mu/Build/MacBookAirMid2020-AARCH64/DEBUG_GCC5/AARCH64/MdePkg/Library/UefiDevicePathLib/UefiDevicePathLib/OUTPUT/UefiDevicePathLib.lib
/Users/macbookpro/Desktop/hermes的工作室/apple_silicon_platforms_mu/Build/MacBookAirMid2020-AARCH64/DEBUG_GCC5/AARCH64/MdePkg/Library/UefiRuntimeServicesTableLib/UefiRuntimeServicesTableLib/OUTPUT/UefiRuntimeServicesTableLib.lib
/Users/macbookpro/Desktop/hermes的工作室/apple_silicon_platforms_mu/Build/MacBookAirMid2020-AARCH64/DEBUG_GCC5/AARCH64/MdePkg/Library/UefiBootServicesTableLib/UefiBootServicesTableLib/OUTPUT/UefiBootServicesTableLib.lib
/Users/macbookpro/Desktop/hermes的工作室/apple_silicon_platforms_mu/Build/MacBookAirMid2020-AARCH64/DEBUG_GCC5/AARCH64/MdePkg/Library/UefiLib/UefiLib/OUTPUT/UefiLib.lib
/Users/macbookpro/Desktop/hermes的工作室/apple_silicon_platforms_mu/Build/MacBookAirMid2020-AARCH64/DEBUG_GCC5/AARCH64/MdePkg/Library/DxeHobLib/DxeHobLib/OUTPUT/DxeHobLib.lib
/Users/macbookpro/Desktop/hermes的工作室/apple_silicon_platforms_mu/Build/MacBookAirMid2020-AARCH64/DEBUG_GCC5/AARCH64/AppleSiliconPkg/Library/AppleArmGenericTimerPhyCounterLib/AppleArmGenericTimerPhyCounterLib/OUTPUT/AppleArmGenericTimerPhyCounterLib.lib
/Users/macbookpro/Desktop/hermes的工作室/apple_silicon_platforms_mu/Build/MacBookAirMid2020-AARCH64/DEBUG_GCC5/AARCH64/ArmPkg/Library/ArmArchTimerLib/ArmArchTimerLib/OUTPUT/ArmArchTimerLib.lib
/Users/macbookpro/Desktop/hermes的工作室/apple_silicon_platforms_mu/Build/MacBookAirMid2020-AARCH64/DEBUG_GCC5/AARCH64/MdePkg/Library/StackCheckLibNull/StackCheckLibNull/OUTPUT/StackCheckLibNull.lib
/Users/macbookpro/Desktop/hermes的工作室/apple_silicon_platforms_mu/Build/MacBookAirMid2020-AARCH64/DEBUG_GCC5/AARCH64/MdeModulePkg/Library/SecurityLockAuditLibNull/SecurityLockAuditLibNull/OUTPUT/SecurityLockAuditLibNull.lib
/Users/macbookpro/Desktop/hermes的工作室/apple_silicon_platforms_mu/Build/MacBookAirMid2020-AARCH64/DEBUG_GCC5/AARCH64/MdePkg/Library/BaseSafeIntLib/BaseSafeIntLib/OUTPUT/BaseSafeIntLib.lib
/Users/macbookpro/Desktop/hermes的工作室/apple_silicon_platforms_mu/Build/MacBookAirMid2020-AARCH64/DEBUG_GCC5/AARCH64/MdeModulePkg/Library/VarCheckLib/VarCheckLib/OUTPUT/VarCheckLib.lib
/Users/macbookpro/Desktop/hermes的工作室/apple_silicon_platforms_mu/Build/MacBookAirMid2020-AARCH64/DEBUG_GCC5/AARCH64/MdePkg/Library/BaseSynchronizationLib/BaseSynchronizationLib/OUTPUT/BaseSynchronizationLib.lib
/Users/macbookpro/Desktop/hermes的工作室/apple_silicon_platforms_mu/Build/MacBookAirMid2020-AARCH64/DEBUG_GCC5/AARCH64/MdePkg/Library/UefiRuntimeLib/UefiRuntimeLib/OUTPUT/UefiRuntimeLib.lib
/Users/macbookpro/Desktop/hermes的工作室/apple_silicon_platforms_mu/Build/MacBookAirMid2020-AARCH64/DEBUG_GCC5/AARCH64/MdePkg/Library/DxeServicesTableLib/DxeServicesTableLib/OUTPUT/DxeServicesTableLib.lib
/Users/macbookpro/Desktop/hermes的工作室/apple_silicon_platforms_mu/Build/MacBookAirMid2020-AARCH64/DEBUG_GCC5/AARCH64/MdePkg/Library/UefiDriverEntryPoint/UefiDriverEntryPoint/OUTPUT/UefiDriverEntryPoint.lib
/Users/macbookpro/Desktop/hermes的工作室/apple_silicon_platforms_mu/Build/MacBookAirMid2020-AARCH64/DEBUG_GCC5/AARCH64/MdeModulePkg/Library/TpmMeasurementLibNull/TpmMeasurementLibNull/OUTPUT/TpmMeasurementLibNull.lib
/Users/macbookpro/Desktop/hermes的工作室/apple_silicon_platforms_mu/Build/MacBookAirMid2020-AARCH64/DEBUG_GCC5/AARCH64/MdeModulePkg/Library/AuthVariableLibNull/AuthVariableLibNull/OUTPUT/AuthVariableLibNull.lib
/Users/macbookpro/Desktop/hermes的工作室/apple_silicon_platforms_mu/Build/MacBookAirMid2020-AARCH64/DEBUG_GCC5/AARCH64/MdeModulePkg/Library/BaseVariableFlashInfoLib/BaseVariableFlashInfoLib/OUTPUT/BaseVariableFlashInfoLib.lib
/Users/macbookpro/Desktop/hermes的工作室/apple_silicon_platforms_mu/Build/MacBookAirMid2020-AARCH64/DEBUG_GCC5/AARCH64/MdeModulePkg/Library/VariablePolicyLib/VariablePolicyLibRuntimeDxe/OUTPUT/VariablePolicyLibRuntimeDxe.lib
/Users/macbookpro/Desktop/hermes的工作室/apple_silicon_platforms_mu/Build/MacBookAirMid2020-AARCH64/DEBUG_GCC5/AARCH64/MdeModulePkg/Library/VariablePolicyHelperLib/VariablePolicyHelperLib/OUTPUT/VariablePolicyHelperLib.lib
/Users/macbookpro/Desktop/hermes的工作室/apple_silicon_platforms_mu/Build/MacBookAirMid2020-AARCH64/DEBUG_GCC5/AARCH64/MdeModulePkg/Library/MemoryTypeInfoSecVarCheckLib/MemoryTypeInfoSecVarCheckLib/OUTPUT/MemoryTypeInfoSecVarCheckLib.lib
/Users/macbookpro/Desktop/hermes的工作室/apple_silicon_platforms_mu/Build/MacBookAirMid2020-AARCH64/DEBUG_GCC5/AARCH64/MdeModulePkg/Library/DeviceStateLib/DeviceStateLib/OUTPUT/DeviceStateLib.lib