/Users/macbookpro/Desktop/hermes的工作室/apple_silicon_platforms_mu/Build/MacBookAirMid2020-AARCH64/DEBUG_GCC5/AARCH64/MdeModulePkg/Core/Dxe/DxeMain/OUTPUT/DxeCore.lib
/Users/macbookpro/Desktop/hermes的工作室/apple_silicon_platforms_mu/Build/MacBookAirMid2020-AARCH64/DEBUG_GCC5/AARCH64/MdePkg/Library/DxePcdLib/DxePcdLib/OUTPUT/DxePcdLib.lib
/Users/macbookpro/Desktop/hermes的工作室/apple_silicon_platforms_mu/Build/MacBookAirMid2020-AARCH64/DEBUG_GCC5/AARCH64/MdePkg/Library/BaseLib/BaseLib/OUTPUT/BaseLib.lib
/Users/macbookpro/Desktop/hermes的工作室/apple_silicon_platforms_mu/Build/MacBookAirMid2020-AARCH64/DEBUG_GCC5/AARCH64/MdePkg/Library/BaseMemoryLibOptDxe/BaseMemoryLibOptDxe/OUTPUT/BaseMemoryLibOptDxe.lib
/Users/macbookpro/Desktop/hermes的工作室/apple_silicon_platforms_mu/Build/MacBookAirMid2020-AARCH64/DEBUG_GCC5/AARCH64/MdePkg/Library/StackCheckLibNull/StackCheckLibNull/OUTPUT/StackCheckLibNull.lib
/Users/macbookpro/Desktop/hermes的工作室/apple_silicon_platforms_mu/Build/MacBookAirMid2020-AARCH64/DEBUG_GCC5/AARCH64/MdePkg/Library/RegisterFilterLibNull/RegisterFilterLibNull/OUTPUT/FilterLibNull.lib
/Users/macbookpro/Desktop/hermes的工作室/apple_silicon_platforms_mu/Build/MacBookAirMid2020-AARCH64/DEBUG_GCC5/AARCH64/MdePkg/Library/DxeCoreEntryPoint/DxeCoreEntryPoint/OUTPUT/DxeCoreEntryPoint.lib
/Users/macbookpro/Desktop/hermes的工作室/apple_silicon_platforms_mu/Build/MacBookAirMid2020-AARCH64/DEBUG_GCC5/AARCH64/MdePkg/Library/BaseIoLibIntrinsic/BaseIoLibIntrinsicArmVirt/OUTPUT/BaseIoLibIntrinsicArmVirt.lib
/Users/macbookpro/Desktop/hermes的工作室/apple_silicon_platforms_mu/Build/MacBookAirMid2020-AARCH64/DEBUG_GCC5/AARCH64/ArmPkg/Library/ArmLib/ArmBaseLib/OUTPUT/ArmBaseLib.lib
/Users/macbookpro/Desktop/hermes的工作室/apple_silicon_platforms_mu/Build/MacBookAirMid2020-AARCH64/DEBUG_GCC5/AARCH64/MdePkg/Library/CompilerIntrinsicsLib/CompilerIntrinsicsLib/OUTPUT/CompilerIntrinsicsLib.lib
/Users/macbookpro/Desktop/hermes的工作室/apple_silicon_platforms_mu/Build/MacBookAirMid2020-AARCH64/DEBUG_GCC5/AARCH64/MdePkg/Library/DxeCoreHobLib/DxeCoreHobLib/OUTPUT/DxeCoreHobLib.lib
/Users/macbookpro/Desktop/hermes的工作室/apple_silicon_platforms_mu/Build/MacBookAirMid2020-AARCH64/DEBUG_GCC5/AARCH64/MdePkg/Library/BaseDebugPrintErrorLevelLib/BaseDebugPrintErrorLevelLib/OUTPUT/BaseDebugPrintErrorLevelLib.lib
/Users/macbookpro/Desktop/hermes的工作室/apple_silicon_platforms_mu/Build/MacBookAirMid2020-AARCH64/DEBUG_GCC5/AARCH64/AppleSiliconPkg/Library/AppleUartSerialPortLib/AppleUartSerialPortLib/OUTPUT/AppleUartSerialPortLib.lib
/Users/macbookpro/Desktop/hermes的工作室/apple_silicon_platforms_mu/Build/MacBookAirMid2020-AARCH64/DEBUG_GCC5/AARCH64/MdePkg/Library/BasePrintLib/BasePrintLib/OUTPUT/BasePrintLib.lib
/Users/macbookpro/Desktop/hermes的工作室/apple_silicon_platforms_mu/Build/MacBookAirMid2020-AARCH64/DEBUG_GCC5/AARCH64/MdePkg/Library/BaseDebugLibSerialPort/BaseDebugLibSerialPort/OUTPUT/BaseDebugLibSerialPort.lib
/Users/macbookpro/Desktop/hermes的工作室/apple_silicon_platforms_mu/Build/MacBookAirMid2020-AARCH64/DEBUG_GCC5/AARCH64/MdePkg/Library/UefiBootServicesTableLib/UefiBootServicesTableLib/OUTPUT/UefiBootServicesTableLib.lib
/Users/macbookpro/Desktop/hermes的工作室/apple_silicon_platforms_mu/Build/MacBookAirMid2020-AARCH64/DEBUG_GCC5/AARCH64/MdeModulePkg/Library/DxeCoreMemoryAllocationLib/DxeCoreMemoryAllocationLib/OUTPUT/DxeCoreMemoryAllocationLib.lib
/Users/macbookpro/Desktop/hermes的工作室/apple_silicon_platforms_mu/Build/MacBookAirMid2020-AARCH64/DEBUG_GCC5/AARCH64/MdePkg/Library/UefiRuntimeServicesTableLib/UefiRuntimeServicesTableLib/OUTPUT/UefiRuntimeServicesTableLib.lib
/Users/macbookpro/Desktop/hermes的工作室/apple_silicon_platforms_mu/Build/MacBookAirMid2020-AARCH64/DEBUG_GCC5/AARCH64/MdePkg/Library/UefiDevicePathLib/UefiDevicePathLib/OUTPUT/UefiDevicePathLib.lib
/Users/macbookpro/Desktop/hermes的工作室/apple_silicon_platforms_mu/Build/MacBookAirMid2020-AARCH64/DEBUG_GCC5/AARCH64/MdePkg/Library/BasePeCoffGetEntryPointLib/BasePeCoffGetEntryPointLib/OUTPUT/BasePeCoffGetEntryPointLib.lib
/Users/macbookpro/Desktop/hermes的工作室/apple_silicon_platforms_mu/Build/MacBookAirMid2020-AARCH64/DEBUG_GCC5/AARCH64/MdePkg/Library/UefiLib/UefiLib/OUTPUT/UefiLib.lib
/Users/macbookpro/Desktop/hermes的工作室/apple_silicon_platforms_mu/Build/MacBookAirMid2020-AARCH64/DEBUG_GCC5/AARCH64/AppleSiliconPkg/Library/AppleArmGenericTimerPhyCounterLib/AppleArmGenericTimerPhyCounterLib/OUTPUT/AppleArmGenericTimerPhyCounterLib.lib
/Users/macbookpro/Desktop/hermes的工作室/apple_silicon_platforms_mu/Build/MacBookAirMid2020-AARCH64/DEBUG_GCC5/AARCH64/ArmPkg/Library/ArmMonitorLib/ArmMonitorLib/OUTPUT/ArmMonitorLib.lib
/Users/macbookpro/Desktop/hermes的工作室/apple_silicon_platforms_mu/Build/MacBookAirMid2020-AARCH64/DEBUG_GCC5/AARCH64/ArmPkg/Library/DefaultExceptionHandlerLib/DefaultExceptionHandlerLib/OUTPUT/DefaultExceptionHandlerLib.lib
/Users/macbookpro/Desktop/hermes的工作室/apple_silicon_platforms_mu/Build/MacBookAirMid2020-AARCH64/DEBUG_GCC5/AARCH64/ArmPkg/Library/ArmCacheMaintenanceLib/ArmCacheMaintenanceLib/OUTPUT/ArmCacheMaintenanceLib.lib
/Users/macbookpro/Desktop/hermes的工作室/apple_silicon_platforms_mu/Build/MacBookAirMid2020-AARCH64/DEBUG_GCC5/AARCH64/ArmPkg/Library/ArmArchTimerLib/ArmArchTimerLib/OUTPUT/ArmArchTimerLib.lib
/Users/macbookpro/Desktop/hermes的工作室/apple_silicon_platforms_mu/Build/MacBookAirMid2020-AARCH64/DEBUG_GCC5/AARCH64/MdePkg/Library/DxeServicesLib/DxeServicesLib/OUTPUT/DxeServicesLib.lib
/Users/macbookpro/Desktop/hermes的工作室/apple_silicon_platforms_mu/Build/MacBookAirMid2020-AARCH64/DEBUG_GCC5/AARCH64/MdeModulePkg/Library/DxeReportStatusCodeLib/DxeReportStatusCodeLib/OUTPUT/DxeReportStatusCodeLib.lib
/Users/macbookpro/Desktop/hermes的工作室/apple_silicon_platforms_mu/Build/MacBookAirMid2020-AARCH64/DEBUG_GCC5/AARCH64/MdePkg/Library/BaseSafeIntLib/BaseSafeIntLib/OUTPUT/BaseSafeIntLib.lib
/Users/macbookpro/Desktop/hermes的工作室/apple_silicon_platforms_mu/Build/MacBookAirMid2020-AARCH64/DEBUG_GCC5/AARCH64/MdePkg/Library/BasePeCoffExtraActionLibNull/BasePeCoffExtraActionLibNull/OUTPUT/PeCoffExtraActionLibNull.lib
/Users/macbookpro/Desktop/hermes的工作室/apple_silicon_platforms_mu/Build/MacBookAirMid2020-AARCH64/DEBUG_GCC5/AARCH64/ArmPkg/Library/ArmPsciResetSystemLib/ArmPsciResetSystemLib/OUTPUT/ArmPsciResetSystemLib.lib
/Users/macbookpro/Desktop/hermes的工作室/apple_silicon_platforms_mu/Build/MacBookAirMid2020-AARCH64/DEBUG_GCC5/AARCH64/DebuggerFeaturePkg/Library/TransportLogControlLibNull/TransportLogControlLibNull/OUTPUT/TransportLogControlLibNull.lib
/Users/macbookpro/Desktop/hermes的工作室/apple_silicon_platforms_mu/Build/MacBookAirMid2020-AARCH64/DEBUG_GCC5/AARCH64/DebuggerFeaturePkg/Library/DebugTransportSerialLib/DebugTransportSerialLib/OUTPUT/DebugTransportSerialLib.lib
/Users/macbookpro/Desktop/hermes的工作室/apple_silicon_platforms_mu/Build/MacBookAirMid2020-AARCH64/DEBUG_GCC5/AARCH64/DebuggerFeaturePkg/Library/WatchdogTimerLibNull/WatchdogTimerLibNull/OUTPUT/WatchdogTimerLibNull.lib
/Users/macbookpro/Desktop/hermes的工作室/apple_silicon_platforms_mu/Build/MacBookAirMid2020-AARCH64/DEBUG_GCC5/AARCH64/ArmPkg/Library/ArmExceptionLib/ArmExceptionLib/OUTPUT/ArmExceptionLib.lib
/Users/macbookpro/Desktop/hermes的工作室/apple_silicon_platforms_mu/Build/MacBookAirMid2020-AARCH64/DEBUG_GCC5/AARCH64/MdePkg/Library/DxeExtractGuidedSectionLib/DxeExtractGuidedSectionLib/OUTPUT/DxeExtractGuidedSectionLib.lib
/Users/macbookpro/Desktop/hermes的工作室/apple_silicon_platforms_mu/Build/MacBookAirMid2020-AARCH64/DEBUG_GCC5/AARCH64/MdePkg/Library/BaseUefiDecompressLib/BaseUefiDecompressLib/OUTPUT/BaseUefiDecompressLib.lib
/Users/macbookpro/Desktop/hermes的工作室/apple_silicon_platforms_mu/Build/MacBookAirMid2020-AARCH64/DEBUG_GCC5/AARCH64/MdeModulePkg/Library/DxeCorePerformanceLib/DxeCorePerformanceLib/OUTPUT/DxeCorePerformanceLib.lib
/Users/macbookpro/Desktop/hermes的工作室/apple_silicon_platforms_mu/Build/MacBookAirMid2020-AARCH64/DEBUG_GCC5/AARCH64/MdePkg/Library/BasePeCoffLib/BasePeCoffLib/OUTPUT/BasePeCoffLib.lib
/Users/macbookpro/Desktop/hermes的工作室/apple_silicon_platforms_mu/Build/MacBookAirMid2020-AARCH64/DEBUG_GCC5/AARCH64/DebuggerFeaturePkg/Library/DebugAgent/DebugAgentDxe/OUTPUT/DxeCoreDebugAgentLib.lib
/Users/macbookpro/Desktop/hermes的工作室/apple_silicon_platforms_mu/Build/MacBookAirMid2020-AARCH64/DEBUG_GCC5/AARCH64/MdeModulePkg/Library/ImagePropertiesRecordLib/ImagePropertiesRecordLib/OUTPUT/ImagePropertiesRecordLib.lib
/Users/macbookpro/Desktop/hermes的工作室/apple_silicon_platforms_mu/Build/MacBookAirMid2020-AARCH64/DEBUG_GCC5/AARCH64/MdePkg/Library/BaseOrderedCollectionRedBlackTreeLib/BaseOrderedCollectionRedBlackTreeLib/OUTPUT/BaseOrderedCollectionRedBlackTreeLib.lib
/Users/macbookpro/Desktop/hermes的工作室/apple_silicon_platforms_mu/Build/MacBookAirMid2020-AARCH64/DEBUG_GCC5/AARCH64/MdeModulePkg/Library/MemoryProtectionHobLib/DxeMemoryProtectionHobLib/OUTPUT/DxeMemoryProtectionHobLib.lib
/Users/macbookpro/Desktop/hermes的工作室/apple_silicon_platforms_mu/Build/MacBookAirMid2020-AARCH64/DEBUG_GCC5/AARCH64/MdeModulePkg/Library/DxeCrc32GuidedSectionExtractLib/DxeCrc32GuidedSectionExtractLib/OUTPUT/DxeCrc32GuidedSectionExtractLib.lib
/Users/macbookpro/Desktop/hermes的工作室/apple_silicon_platforms_mu/Build/MacBookAirMid2020-AARCH64/DEBUG_GCC5/AARCH64/MdeModulePkg/Library/LzmaCustomDecompressLib/LzmaCustomDecompressLib/OUTPUT/LzmaDecompressLib.lib