/Users/macbookpro/Desktop/hermes的工作室/apple_silicon_platforms_mu/Build/MacBookAirMid2020-AARCH64/DEBUG_GCC5/AARCH64/MsGraphicsPkg/DisplayEngineDxe/DisplayEngineDxe/OUTPUT/DisplayEngine.lib
/Users/macbookpro/Desktop/hermes的工作室/apple_silicon_platforms_mu/Build/MacBookAirMid2020-AARCH64/DEBUG_GCC5/AARCH64/MdePkg/Library/DxePcdLib/DxePcdLib/OUTPUT/DxePcdLib.lib
/Users/macbookpro/Desktop/hermes的工作室/apple_silicon_platforms_mu/Build/MacBookAirMid2020-AARCH64/DEBUG_GCC5/AARCH64/MdePkg/Library/BaseLib/BaseLib/OUTPUT/BaseLib.lib
/Users/macbookpro/Desktop/hermes的工作室/apple_silicon_platforms_mu/Build/MacBookAirMid2020-AARCH64/DEBUG_GCC5/AARCH64/MdePkg/Library/BaseMemoryLibOptDxe/BaseMemoryLibOptDxe/OUTPUT/BaseMemoryLibOptDxe.lib
/Users/macbookpro/Desktop/hermes的工作室/apple_silicon_platforms_mu/Build/MacBookAirMid2020-AARCH64/DEBUG_GCC5/AARCH64/MdePkg/Library/RegisterFilterLibNull/RegisterFilterLibNull/OUTPUT/FilterLibNull.lib
/Users/macbookpro/Desktop/hermes的工作室/apple_silicon_platforms_mu/Build/MacBookAirMid2020-AARCH64/DEBUG_GCC5/AARCH64/MdePkg/Library/BaseIoLibIntrinsic/BaseIoLibIntrinsicArmVirt/OUTPUT/BaseIoLibIntrinsicArmVirt.lib
/Users/macbookpro/Desktop/hermes的工作室/apple_silicon_platforms_mu/Build/MacBookAirMid2020-AARCH64/DEBUG_GCC5/AARCH64/ArmPkg/Library/ArmLib/ArmBaseLib/OUTPUT/ArmBaseLib.lib
/Users/macbookpro/Desktop/hermes的工作室/apple_silicon_platforms_mu/Build/MacBookAirMid2020-AARCH64/DEBUG_GCC5/AARCH64/MdePkg/Library/CompilerIntrinsicsLib/CompilerIntrinsicsLib/OUTPUT/CompilerIntrinsicsLib.lib
/Users/macbookpro/Desktop/hermes的工作室/apple_silicon_platforms_mu/Build/MacBookAirMid2020-AARCH64/DEBUG_GCC5/AARCH64/MdePkg/Library/BaseDebugPrintErrorLevelLib/BaseDebugPrintErrorLevelLib/OUTPUT/BaseDebugPrintErrorLevelLib.lib
/Users/macbookpro/Desktop/hermes的工作室/apple_silicon_platforms_mu/Build/MacBookAirMid2020-AARCH64/DEBUG_GCC5/AARCH64/AppleSiliconPkg/Library/AppleUartSerialPortLib/AppleUartSerialPortLib/OUTPUT/AppleUartSerialPortLib.lib
/Users/macbookpro/Desktop/hermes的工作室/apple_silicon_platforms_mu/Build/MacBookAirMid2020-AARCH64/DEBUG_GCC5/AARCH64/MdePkg/Library/BasePrintLib/BasePrintLib/OUTPUT/BasePrintLib.lib
/Users/macbookpro/Desktop/hermes的工作室/apple_silicon_platforms_mu/Build/MacBookAirMid2020-AARCH64/DEBUG_GCC5/AARCH64/MdePkg/Library/BaseDebugLibSerialPort/BaseDebugLibSerialPort/OUTPUT/BaseDebugLibSerialPort.lib
/Users/macbookpro/Desktop/hermes的工作室/apple_silicon_platforms_mu/Build/MacBookAirMid2020-AARCH64/DEBUG_GCC5/AARCH64/MdePkg/Library/UefiBootServicesTableLib/UefiBootServicesTableLib/OUTPUT/UefiBootServicesTableLib.lib
/Users/macbookpro/Desktop/hermes的工作室/apple_silicon_platforms_mu/Build/MacBookAirMid2020-AARCH64/DEBUG_GCC5/AARCH64/MdePkg/Library/UefiMemoryAllocationLib/UefiMemoryAllocationLib/OUTPUT/UefiMemoryAllocationLib.lib
/Users/macbookpro/Desktop/hermes的工作室/apple_silicon_platforms_mu/Build/MacBookAirMid2020-AARCH64/DEBUG_GCC5/AARCH64/MdePkg/Library/UefiRuntimeServicesTableLib/UefiRuntimeServicesTableLib/OUTPUT/UefiRuntimeServicesTableLib.lib
/Users/macbookpro/Desktop/hermes的工作室/apple_silicon_platforms_mu/Build/MacBookAirMid2020-AARCH64/DEBUG_GCC5/AARCH64/MdePkg/Library/UefiDevicePathLib/UefiDevicePathLib/OUTPUT/UefiDevicePathLib.lib
/Users/macbookpro/Desktop/hermes的工作室/apple_silicon_platforms_mu/Build/MacBookAirMid2020-AARCH64/DEBUG_GCC5/AARCH64/MdePkg/Library/UefiLib/UefiLib/OUTPUT/UefiLib.lib
/Users/macbookpro/Desktop/hermes的工作室/apple_silicon_platforms_mu/Build/MacBookAirMid2020-AARCH64/DEBUG_GCC5/AARCH64/MdePkg/Library/DxeHobLib/DxeHobLib/OUTPUT/DxeHobLib.lib
/Users/macbookpro/Desktop/hermes的工作室/apple_silicon_platforms_mu/Build/MacBookAirMid2020-AARCH64/DEBUG_GCC5/AARCH64/MdePkg/Library/FltUsedLib/FltUsedLib/OUTPUT/FltUsedLib.lib
/Users/macbookpro/Desktop/hermes的工作室/apple_silicon_platforms_mu/Build/MacBookAirMid2020-AARCH64/DEBUG_GCC5/AARCH64/MsCorePkg/Library/MathLib/MathLib/OUTPUT/MathLib.lib
/Users/macbookpro/Desktop/hermes的工作室/apple_silicon_platforms_mu/Build/MacBookAirMid2020-AARCH64/DEBUG_GCC5/AARCH64/MsGraphicsPkg/Library/MsUiThemeLib/Dxe/MsUiThemeLib/OUTPUT/MsUiThemeLib.lib
/Users/macbookpro/Desktop/hermes的工作室/apple_silicon_platforms_mu/Build/MacBookAirMid2020-AARCH64/DEBUG_GCC5/AARCH64/MdeModulePkg/Library/UefiHiiServicesLib/UefiHiiServicesLib/OUTPUT/UefiHiiServicesLib.lib
/Users/macbookpro/Desktop/hermes的工作室/apple_silicon_platforms_mu/Build/MacBookAirMid2020-AARCH64/DEBUG_GCC5/AARCH64/MdePkg/Library/BaseSafeIntLib/BaseSafeIntLib/OUTPUT/BaseSafeIntLib.lib
/Users/macbookpro/Desktop/hermes的工作室/apple_silicon_platforms_mu/Build/MacBookAirMid2020-AARCH64/DEBUG_GCC5/AARCH64/MdePkg/Library/StackCheckLibNull/StackCheckLibNull/OUTPUT/StackCheckLibNull.lib
/Users/macbookpro/Desktop/hermes的工作室/apple_silicon_platforms_mu/Build/MacBookAirMid2020-AARCH64/DEBUG_GCC5/AARCH64/MsGraphicsPkg/Library/MsColorTableLib/MsColorTableLib/OUTPUT/MsColorTableLib.lib
/Users/macbookpro/Desktop/hermes的工作室/apple_silicon_platforms_mu/Build/MacBookAirMid2020-AARCH64/DEBUG_GCC5/AARCH64/MsGraphicsPkg/Library/SimpleUIToolKit/SimpleUIToolKit/OUTPUT/UIToolKitLib.lib
/Users/macbookpro/Desktop/hermes的工作室/apple_silicon_platforms_mu/Build/MacBookAirMid2020-AARCH64/DEBUG_GCC5/AARCH64/MdeModulePkg/Library/UefiHiiLib/UefiHiiLib/OUTPUT/UefiHiiLib.lib
/Users/macbookpro/Desktop/hermes的工作室/apple_silicon_platforms_mu/Build/MacBookAirMid2020-AARCH64/DEBUG_GCC5/AARCH64/MdePkg/Library/UefiDriverEntryPoint/UefiDriverEntryPoint/OUTPUT/UefiDriverEntryPoint.lib
/Users/macbookpro/Desktop/hermes的工作室/apple_silicon_platforms_mu/Build/MacBookAirMid2020-AARCH64/DEBUG_GCC5/AARCH64/MdePkg/Library/DxeServicesTableLib/DxeServicesTableLib/OUTPUT/DxeServicesTableLib.lib
/Users/macbookpro/Desktop/hermes的工作室/apple_silicon_platforms_mu/Build/MacBookAirMid2020-AARCH64/DEBUG_GCC5/AARCH64/MdePkg/Library/DxeServicesLib/DxeServicesLib/OUTPUT/DxeServicesLib.lib
/Users/macbookpro/Desktop/hermes的工作室/apple_silicon_platforms_mu/Build/MacBookAirMid2020-AARCH64/DEBUG_GCC5/AARCH64/MdeModulePkg/Library/BaseBmpSupportLib/BaseBmpSupportLib/OUTPUT/BaseBmpSupportLib.lib
/Users/macbookpro/Desktop/hermes的工作室/apple_silicon_platforms_mu/Build/MacBookAirMid2020-AARCH64/DEBUG_GCC5/AARCH64/MsGraphicsPkg/Library/SwmDialogsLib/SwmDialogs/OUTPUT/SwmDialogsLib.lib