/Users/macbookpro/Desktop/hermes的工作室/apple_silicon_platforms_mu/Build/MacBookAirMid2020-AARCH64/DEBUG_GCC5/AARCH64/MdeModulePkg/Universal/Disk/PartitionDxe/PartitionDxe/OUTPUT/PartitionDxe.lib
/Users/macbookpro/Desktop/hermes的工作室/apple_silicon_platforms_mu/Build/MacBookAirMid2020-AARCH64/DEBUG_GCC5/AARCH64/MdePkg/Library/DxePcdLib/DxePcdLib/OUTPUT/DxePcdLib.lib
/Users/macbookpro/Desktop/hermes的工作室/apple_silicon_platforms_mu/Build/MacBookAirMid2020-AARCH64/DEBUG_GCC5/AARCH64/MdePkg/Library/BaseLib/BaseLib/OUTPUT/BaseLib.lib
/Users/macbookpro/Desktop/hermes的工作室/apple_silicon_platforms_mu/Build/MacBookAirMid2020-AARCH64/DEBUG_GCC5/AARCH64/MdePkg/Library/BaseMemoryLibOptDxe/BaseMemoryLibOptDxe/OUTPUT/BaseMemoryLibOptDxe.lib
/Users/macbookpro/Desktop/hermes的工作室/apple_silicon_platforms_mu/Build/MacBookAirMid2020-AARCH64/DEBUG_GCC5/AARCH64/MdePkg/Library/RegisterFilterLibNull/RegisterFilterLibNull/OUTPUT/FilterLibNull.lib
/Users/macbookpro/Desktop/hermes的工作室/apple_silicon_platforms_mu/Build/MacBookAirMid2020-AARCH64/DEBUG_GCC5/AARCH64/MdePkg/Library/BaseIoLibIntrinsic/BaseIoLibIntrinsicArmVirt/OUTPUT/BaseIoLibIntrinsicArmVirt.lib
/Users/macbookpro/Desktop/hermes的工作室/apple_silicon_platforms_mu/Build/MacBookAirMid2020-AARCH64/DEBUG_GCC5/AARCH64/ArmPkg/Library/ArmLib/ArmBaseLib/OUTPUT/ArmBaseLib.lib
/Users/macbookpro/Desktop/hermes的工作室/apple_silicon_platforms_mu/Build/MacBookAirMid2020-AARCH64/DEBUG_GCC5/AARCH64/MdePkg/Library/CompilerIntrinsicsLib/CompilerIntrinsicsLib/OUTPUT/CompilerIntrinsicsLib.lib
/Users/macbookpro/Desktop/hermes的工作室/apple_silicon_platforms_mu/Build/MacBookAirMid2020-AARCH64/DEBUG_GCC5/AARCH64/MdePkg/Library/BaseDebugPrintErrorLevelLib/BaseDebugPrintErrorLevelLib/OUTPUT/BaseDebugPrintErrorLevelLib.lib
/Users/macbookpro/Desktop/hermes的工作室/apple_silicon_platforms_mu/Build/MacBookAirMid2020-AARCH64/DEBUG_GCC5/AARCH64/MdePkg/Library/BasePrintLib/BasePrintLib/OUTPUT/BasePrintLib.lib
/Users/macbookpro/Desktop/hermes的工作室/apple_silicon_platforms_mu/Build/MacBookAirMid2020-AARCH64/DEBUG_GCC5/AARCH64/AppleSiliconPkg/Library/AppleUartSerialPortLib/AppleUartSerialPortLib/OUTPUT/AppleUartSerialPortLib.lib
/Users/macbookpro/Desktop/hermes的工作室/apple_silicon_platforms_mu/Build/MacBookAirMid2020-AARCH64/DEBUG_GCC5/AARCH64/MdePkg/Library/BaseDebugLibSerialPort/BaseDebugLibSerialPort/OUTPUT/BaseDebugLibSerialPort.lib
/Users/macbookpro/Desktop/hermes的工作室/apple_silicon_platforms_mu/Build/MacBookAirMid2020-AARCH64/DEBUG_GCC5/AARCH64/MdePkg/Library/UefiMemoryAllocationLib/UefiMemoryAllocationLib/OUTPUT/UefiMemoryAllocationLib.lib
/Users/macbookpro/Desktop/hermes的工作室/apple_silicon_platforms_mu/Build/MacBookAirMid2020-AARCH64/DEBUG_GCC5/AARCH64/MdePkg/Library/UefiRuntimeServicesTableLib/UefiRuntimeServicesTableLib/OUTPUT/UefiRuntimeServicesTableLib.lib
/Users/macbookpro/Desktop/hermes的工作室/apple_silicon_platforms_mu/Build/MacBookAirMid2020-AARCH64/DEBUG_GCC5/AARCH64/MdePkg/Library/UefiBootServicesTableLib/UefiBootServicesTableLib/OUTPUT/UefiBootServicesTableLib.lib
/Users/macbookpro/Desktop/hermes的工作室/apple_silicon_platforms_mu/Build/MacBookAirMid2020-AARCH64/DEBUG_GCC5/AARCH64/MdePkg/Library/UefiDevicePathLib/UefiDevicePathLib/OUTPUT/UefiDevicePathLib.lib
/Users/macbookpro/Desktop/hermes的工作室/apple_silicon_platforms_mu/Build/MacBookAirMid2020-AARCH64/DEBUG_GCC5/AARCH64/MdePkg/Library/UefiLib/UefiLib/OUTPUT/UefiLib.lib
/Users/macbookpro/Desktop/hermes的工作室/apple_silicon_platforms_mu/Build/MacBookAirMid2020-AARCH64/DEBUG_GCC5/AARCH64/MdePkg/Library/DxeHobLib/DxeHobLib/OUTPUT/DxeHobLib.lib
/Users/macbookpro/Desktop/hermes的工作室/apple_silicon_platforms_mu/Build/MacBookAirMid2020-AARCH64/DEBUG_GCC5/AARCH64/MdePkg/Library/StackCheckLibNull/StackCheckLibNull/OUTPUT/StackCheckLibNull.lib
/Users/macbookpro/Desktop/hermes的工作室/apple_silicon_platforms_mu/Build/MacBookAirMid2020-AARCH64/DEBUG_GCC5/AARCH64/MdePkg/Library/UefiDriverEntryPoint/UefiDriverEntryPoint/OUTPUT/UefiDriverEntryPoint.lib