/Users/macbookpro/Desktop/hermes的工作室/apple_silicon_platforms_mu/Build/MacBookAirMid2020-AARCH64/DEBUG_GCC5/AARCH64/CryptoPkg/Library/BaseCryptLibNull/BaseCryptLibNull/OUTPUT/Hash/CryptMd5Null.obj
/Users/macbookpro/Desktop/hermes的工作室/apple_silicon_platforms_mu/Build/MacBookAirMid2020-AARCH64/DEBUG_GCC5/AARCH64/CryptoPkg/Library/BaseCryptLibNull/BaseCryptLibNull/OUTPUT/Hash/CryptSha1Null.obj
/Users/macbookpro/Desktop/hermes的工作室/apple_silicon_platforms_mu/Build/MacBookAirMid2020-AARCH64/DEBUG_GCC5/AARCH64/CryptoPkg/Library/BaseCryptLibNull/BaseCryptLibNull/OUTPUT/Hash/CryptSha256Null.obj
/Users/macbookpro/Desktop/hermes的工作室/apple_silicon_platforms_mu/Build/MacBookAirMid2020-AARCH64/DEBUG_GCC5/AARCH64/CryptoPkg/Library/BaseCryptLibNull/BaseCryptLibNull/OUTPUT/Hash/CryptSha512Null.obj
/Users/macbookpro/Desktop/hermes的工作室/apple_silicon_platforms_mu/Build/MacBookAirMid2020-AARCH64/DEBUG_GCC5/AARCH64/CryptoPkg/Library/BaseCryptLibNull/BaseCryptLibNull/OUTPUT/Hash/CryptSm3Null.obj
/Users/macbookpro/Desktop/hermes的工作室/apple_silicon_platforms_mu/Build/MacBookAirMid2020-AARCH64/DEBUG_GCC5/AARCH64/CryptoPkg/Library/BaseCryptLibNull/BaseCryptLibNull/OUTPUT/Hmac/CryptHmacNull.obj
/Users/macbookpro/Desktop/hermes的工作室/apple_silicon_platforms_mu/Build/MacBookAirMid2020-AARCH64/DEBUG_GCC5/AARCH64/CryptoPkg/Library/BaseCryptLibNull/BaseCryptLibNull/OUTPUT/Kdf/CryptHkdfNull.obj
/Users/macbookpro/Desktop/hermes的工作室/apple_silicon_platforms_mu/Build/MacBookAirMid2020-AARCH64/DEBUG_GCC5/AARCH64/CryptoPkg/Library/BaseCryptLibNull/BaseCryptLibNull/OUTPUT/Cipher/CryptAesNull.obj
/Users/macbookpro/Desktop/hermes的工作室/apple_silicon_platforms_mu/Build/MacBookAirMid2020-AARCH64/DEBUG_GCC5/AARCH64/CryptoPkg/Library/BaseCryptLibNull/BaseCryptLibNull/OUTPUT/Cipher/CryptAeadAesGcmNull.obj
/Users/macbookpro/Desktop/hermes的工作室/apple_silicon_platforms_mu/Build/MacBookAirMid2020-AARCH64/DEBUG_GCC5/AARCH64/CryptoPkg/Library/BaseCryptLibNull/BaseCryptLibNull/OUTPUT/Pk/CryptRsaBasicNull.obj
/Users/macbookpro/Desktop/hermes的工作室/apple_silicon_platforms_mu/Build/MacBookAirMid2020-AARCH64/DEBUG_GCC5/AARCH64/CryptoPkg/Library/BaseCryptLibNull/BaseCryptLibNull/OUTPUT/Pk/CryptRsaExtNull.obj
/Users/macbookpro/Desktop/hermes的工作室/apple_silicon_platforms_mu/Build/MacBookAirMid2020-AARCH64/DEBUG_GCC5/AARCH64/CryptoPkg/Library/BaseCryptLibNull/BaseCryptLibNull/OUTPUT/Pk/CryptPkcs1OaepNull.obj
/Users/macbookpro/Desktop/hermes的工作室/apple_silicon_platforms_mu/Build/MacBookAirMid2020-AARCH64/DEBUG_GCC5/AARCH64/CryptoPkg/Library/BaseCryptLibNull/BaseCryptLibNull/OUTPUT/Pk/CryptPkcs5Pbkdf2Null.obj
/Users/macbookpro/Desktop/hermes的工作室/apple_silicon_platforms_mu/Build/MacBookAirMid2020-AARCH64/DEBUG_GCC5/AARCH64/CryptoPkg/Library/BaseCryptLibNull/BaseCryptLibNull/OUTPUT/Pk/CryptPkcs7SignNull.obj
/Users/macbookpro/Desktop/hermes的工作室/apple_silicon_platforms_mu/Build/MacBookAirMid2020-AARCH64/DEBUG_GCC5/AARCH64/CryptoPkg/Library/BaseCryptLibNull/BaseCryptLibNull/OUTPUT/Pk/CryptPkcs7VerifyNull.obj
/Users/macbookpro/Desktop/hermes的工作室/apple_silicon_platforms_mu/Build/MacBookAirMid2020-AARCH64/DEBUG_GCC5/AARCH64/CryptoPkg/Library/BaseCryptLibNull/BaseCryptLibNull/OUTPUT/Pk/CryptPkcs7EncryptNull.obj
/Users/macbookpro/Desktop/hermes的工作室/apple_silicon_platforms_mu/Build/MacBookAirMid2020-AARCH64/DEBUG_GCC5/AARCH64/CryptoPkg/Library/BaseCryptLibNull/BaseCryptLibNull/OUTPUT/Pk/CryptPkcs7VerifyEkuNull.obj
/Users/macbookpro/Desktop/hermes的工作室/apple_silicon_platforms_mu/Build/MacBookAirMid2020-AARCH64/DEBUG_GCC5/AARCH64/CryptoPkg/Library/BaseCryptLibNull/BaseCryptLibNull/OUTPUT/Pk/CryptDhNull.obj
/Users/macbookpro/Desktop/hermes的工作室/apple_silicon_platforms_mu/Build/MacBookAirMid2020-AARCH64/DEBUG_GCC5/AARCH64/CryptoPkg/Library/BaseCryptLibNull/BaseCryptLibNull/OUTPUT/Pk/CryptX509Null.obj
/Users/macbookpro/Desktop/hermes的工作室/apple_silicon_platforms_mu/Build/MacBookAirMid2020-AARCH64/DEBUG_GCC5/AARCH64/CryptoPkg/Library/BaseCryptLibNull/BaseCryptLibNull/OUTPUT/Pk/CryptAuthenticodeNull.obj
/Users/macbookpro/Desktop/hermes的工作室/apple_silicon_platforms_mu/Build/MacBookAirMid2020-AARCH64/DEBUG_GCC5/AARCH64/CryptoPkg/Library/BaseCryptLibNull/BaseCryptLibNull/OUTPUT/Pk/CryptTsNull.obj
/Users/macbookpro/Desktop/hermes的工作室/apple_silicon_platforms_mu/Build/MacBookAirMid2020-AARCH64/DEBUG_GCC5/AARCH64/CryptoPkg/Library/BaseCryptLibNull/BaseCryptLibNull/OUTPUT/Pk/CryptEcNull.obj
/Users/macbookpro/Desktop/hermes的工作室/apple_silicon_platforms_mu/Build/MacBookAirMid2020-AARCH64/DEBUG_GCC5/AARCH64/CryptoPkg/Library/BaseCryptLibNull/BaseCryptLibNull/OUTPUT/Pem/CryptPemNull.obj
/Users/macbookpro/Desktop/hermes的工作室/apple_silicon_platforms_mu/Build/MacBookAirMid2020-AARCH64/DEBUG_GCC5/AARCH64/CryptoPkg/Library/BaseCryptLibNull/BaseCryptLibNull/OUTPUT/Rand/CryptRandNull.obj
/Users/macbookpro/Desktop/hermes的工作室/apple_silicon_platforms_mu/Build/MacBookAirMid2020-AARCH64/DEBUG_GCC5/AARCH64/CryptoPkg/Library/BaseCryptLibNull/BaseCryptLibNull/OUTPUT/Pk/CryptRsaPssNull.obj
/Users/macbookpro/Desktop/hermes的工作室/apple_silicon_platforms_mu/Build/MacBookAirMid2020-AARCH64/DEBUG_GCC5/AARCH64/CryptoPkg/Library/BaseCryptLibNull/BaseCryptLibNull/OUTPUT/Pk/CryptRsaPssSignNull.obj
/Users/macbookpro/Desktop/hermes的工作室/apple_silicon_platforms_mu/Build/MacBookAirMid2020-AARCH64/DEBUG_GCC5/AARCH64/CryptoPkg/Library/BaseCryptLibNull/BaseCryptLibNull/OUTPUT/Bn/CryptBnNull.obj
/Users/macbookpro/Desktop/hermes的工作室/apple_silicon_platforms_mu/Build/MacBookAirMid2020-AARCH64/DEBUG_GCC5/AARCH64/CryptoPkg/Library/BaseCryptLibNull/BaseCryptLibNull/OUTPUT/Info/CryptoInfo.obj